[0m18:27:24.595073 [debug] [MainThread]: Sending event: {'category': 'dbt', 'action': 'invocation', 'label': 'start', 'context': [<snowplow_tracker.self_describing_json.SelfDescribingJson object at 0x000002484460C2F0>, <snowplow_tracker.self_describing_json.SelfDescribingJson object at 0x000002484217DBD0>, <snowplow_tracker.self_describing_json.SelfDescribingJson object at 0x000002484562BED0>]}


============================== 18:27:24.602525 | 8c51f9a6-a108-434e-9cb1-c20549e4cbe2 ==============================
[0m18:27:24.602525 [info ] [MainThread]: Running with dbt=1.10.9
[0m18:27:24.604123 [debug] [MainThread]: running dbt with arguments {'partial_parse': 'True', 'warn_error_options': 'WarnErrorOptionsV2(error=[], warn=[], silence=[])', 'send_anonymous_usage_stats': 'True', 'use_colors': 'True', 'cache_selected_only': 'False', 'target_path': 'None', 'version_check': 'True', 'invocation_command': 'dbt init', 'log_format': 'default', 'warn_error': 'None', 'introspect': 'True', 'debug': 'False', 'printer_width': '80', 'fail_fast': 'False', 'no_print': 'None', 'use_experimental_parser': 'False', 'quiet': 'False', 'log_cache_events': 'False', 'empty': 'None', 'indirect_selection': 'eager', 'log_path': 'logs', 'profiles_dir': 'C:\\Users\\Daniel\\.dbt', 'static_parser': 'True', 'write_json': 'True'}
[0m18:27:32.273805 [debug] [MainThread]: Starter project path: C:\airflow_dbt_git\.venv\Lib\site-packages\dbt\include\starter_project
[0m18:27:32.316000 [info ] [MainThread]: 
Your new dbt project "dbt_macaco" was created!

For more information on how to configure the profiles.yml file,
please consult the dbt documentation here:

  https://docs.getdbt.com/docs/configure-your-profile

One more thing:

Need help? Don't hesitate to reach out to us via GitHub issues or on Slack:

  https://community.getdbt.com/

Happy modeling!

[0m18:27:32.317715 [info ] [MainThread]: Setting up your profile.
[0m18:31:12.925728 [info ] [MainThread]: Profile dbt_macaco written to C:\Users\Daniel\.dbt\profiles.yml using target's profile_template.yml and your supplied values. Run 'dbt debug' to validate the connection.
[0m18:31:12.927769 [debug] [MainThread]: Command `dbt init` succeeded at 18:31:12.927543 after 228.49 seconds
[0m18:31:12.928404 [debug] [MainThread]: Sending event: {'category': 'dbt', 'action': 'invocation', 'label': 'end', 'context': [<snowplow_tracker.self_describing_json.SelfDescribingJson object at 0x00000248466A3230>, <snowplow_tracker.self_describing_json.SelfDescribingJson object at 0x00000248466AAE70>, <snowplow_tracker.self_describing_json.SelfDescribingJson object at 0x00000248454D2580>]}
[0m18:31:12.929047 [debug] [MainThread]: Flushing usage events
[0m18:31:13.760171 [debug] [MainThread]: An error was encountered while trying to flush usage events
[0m18:37:01.997471 [debug] [MainThread]: Sending event: {'category': 'dbt', 'action': 'invocation', 'label': 'start', 'context': [<snowplow_tracker.self_describing_json.SelfDescribingJson object at 0x00000292FE7DC2F0>, <snowplow_tracker.self_describing_json.SelfDescribingJson object at 0x00000292FC35DBD0>, <snowplow_tracker.self_describing_json.SelfDescribingJson object at 0x00000292FF7EFED0>]}


============================== 18:37:02.004131 | f41b15dd-182f-41fc-b2e1-0bb50ef7f2fe ==============================
[0m18:37:02.004131 [info ] [MainThread]: Running with dbt=1.10.9
[0m18:37:02.005147 [debug] [MainThread]: running dbt with arguments {'partial_parse': 'True', 'profiles_dir': 'C:\\Users\\Daniel\\.dbt', 'send_anonymous_usage_stats': 'True', 'version_check': 'True', 'cache_selected_only': 'False', 'target_path': 'None', 'warn_error': 'None', 'invocation_command': 'dbt debug', 'log_format': 'default', 'use_colors': 'True', 'introspect': 'True', 'debug': 'False', 'log_cache_events': 'False', 'fail_fast': 'False', 'no_print': 'None', 'empty': 'None', 'quiet': 'False', 'use_experimental_parser': 'False', 'printer_width': '80', 'log_path': 'logs', 'indirect_selection': 'eager', 'write_json': 'True', 'static_parser': 'True', 'warn_error_options': 'WarnErrorOptionsV2(error=[], warn=[], silence=[])'}
[0m18:37:02.038806 [info ] [MainThread]: dbt version: 1.10.9
[0m18:37:02.039518 [info ] [MainThread]: python version: 3.13.0
[0m18:37:02.040088 [info ] [MainThread]: python path: C:\airflow_dbt_git\.venv\Scripts\python.exe
[0m18:37:02.040681 [info ] [MainThread]: os info: Windows-10-10.0.19045-SP0
[0m18:37:02.132721 [info ] [MainThread]: Using profiles dir at C:\Users\Daniel\.dbt
[0m18:37:02.133643 [info ] [MainThread]: Using profiles.yml file at C:\Users\Daniel\.dbt\profiles.yml
[0m18:37:02.134359 [info ] [MainThread]: Using dbt_project.yml file at C:\airflow_dbt_git\data_warehouse\dbt_project.yml
[0m18:37:02.136082 [info ] [MainThread]: adapter type: postgres
[0m18:37:02.136783 [info ] [MainThread]: adapter version: 1.9.0
[0m18:37:02.137672 [info ] [MainThread]: Configuration:
[0m18:37:02.138409 [info ] [MainThread]:   profiles.yml file [[32mOK found and valid[0m]
[0m18:37:02.139140 [info ] [MainThread]:   dbt_project.yml file [[31mERROR not found[0m]
[0m18:37:02.139843 [info ] [MainThread]: Required dependencies:
[0m18:37:02.140534 [debug] [MainThread]: Executing "git --help"
[0m18:37:02.170595 [debug] [MainThread]: STDOUT: "b"usage: git [-v | --version] [-h | --help] [-C <path>] [-c <name>=<value>]\n           [--exec-path[=<path>]] [--html-path] [--man-path] [--info-path]\n           [-p | --paginate | -P | --no-pager] [--no-replace-objects] [--no-lazy-fetch]\n           [--no-optional-locks] [--no-advice] [--bare] [--git-dir=<path>]\n           [--work-tree=<path>] [--namespace=<name>] [--config-env=<name>=<envvar>]\n           <command> [<args>]\n\nThese are common Git commands used in various situations:\n\nstart a working area (see also: git help tutorial)\n   clone      Clone a repository into a new directory\n   init       Create an empty Git repository or reinitialize an existing one\n\nwork on the current change (see also: git help everyday)\n   add        Add file contents to the index\n   mv         Move or rename a file, a directory, or a symlink\n   restore    Restore working tree files\n   rm         Remove files from the working tree and from the index\n\nexamine the history and state (see also: git help revisions)\n   bisect     Use binary search to find the commit that introduced a bug\n   diff       Show changes between commits, commit and working tree, etc\n   grep       Print lines matching a pattern\n   log        Show commit logs\n   show       Show various types of objects\n   status     Show the working tree status\n\ngrow, mark and tweak your common history\n   backfill   Download missing objects in a partial clone\n   branch     List, create, or delete branches\n   commit     Record changes to the repository\n   merge      Join two or more development histories together\n   rebase     Reapply commits on top of another base tip\n   reset      Reset current HEAD to the specified state\n   switch     Switch branches\n   tag        Create, list, delete or verify a tag object signed with GPG\n\ncollaborate (see also: git help workflows)\n   fetch      Download objects and refs from another repository\n   pull       Fetch from and integrate with another repository or a local branch\n   push       Update remote refs along with associated objects\n\n'git help -a' and 'git help -g' list available subcommands and some\nconcept guides. See 'git help <command>' or 'git help <concept>'\nto read about a specific subcommand or concept.\nSee 'git help git' for an overview of the system.\n""
[0m18:37:02.171283 [debug] [MainThread]: STDERR: "b''"
[0m18:37:02.171938 [info ] [MainThread]:  - git [[32mOK found[0m]

[0m18:37:02.172725 [info ] [MainThread]: Connection:
[0m18:37:02.173406 [info ] [MainThread]:   host: localhost
[0m18:37:02.174140 [info ] [MainThread]:   port: 5433
[0m18:37:02.174828 [info ] [MainThread]:   user: dbtuser
[0m18:37:02.175518 [info ] [MainThread]:   database: dbt_db
[0m18:37:02.176196 [info ] [MainThread]:   schema: public
[0m18:37:02.176818 [info ] [MainThread]:   connect_timeout: 10
[0m18:37:02.177493 [info ] [MainThread]:   role: None
[0m18:37:02.178243 [info ] [MainThread]:   search_path: None
[0m18:37:02.179064 [info ] [MainThread]:   keepalives_idle: 0
[0m18:37:02.179766 [info ] [MainThread]:   sslmode: None
[0m18:37:02.180574 [info ] [MainThread]:   sslcert: None
[0m18:37:02.181238 [info ] [MainThread]:   sslkey: None
[0m18:37:02.181859 [info ] [MainThread]:   sslrootcert: None
[0m18:37:02.182494 [info ] [MainThread]:   application_name: dbt
[0m18:37:02.183112 [info ] [MainThread]:   retries: 1
[0m18:37:02.184188 [info ] [MainThread]: Registered adapter: postgres=1.9.0
[0m18:37:02.616782 [debug] [MainThread]: Acquiring new postgres connection 'debug'
[0m18:37:02.715937 [debug] [MainThread]: Using postgres connection "debug"
[0m18:37:02.716528 [debug] [MainThread]: On debug: select 1 as id
[0m18:37:02.717003 [debug] [MainThread]: Opening a new connection, currently in state init
[0m18:37:06.801536 [debug] [MainThread]: Postgres adapter: Got a retryable error when attempting to open a postgres connection.
1 attempts remaining. Retrying in 0 seconds.
Error:
connection to server at "localhost" (::1), port 5433 failed: Connection refused (0x0000274D/10061)
	Is the server running on that host and accepting TCP/IP connections?
connection to server at "localhost" (127.0.0.1), port 5433 failed: Connection refused (0x0000274D/10061)
	Is the server running on that host and accepting TCP/IP connections?

[0m18:37:10.859206 [debug] [MainThread]: Postgres adapter: Error running SQL: select 1 as id
[0m18:37:10.860159 [debug] [MainThread]: Postgres adapter: Rolling back transaction.
[0m18:37:10.861109 [debug] [MainThread]: On debug: No close available on handle
[0m18:37:10.861818 [info ] [MainThread]:   Connection test: [[31mERROR[0m]

[0m18:37:10.863227 [info ] [MainThread]: [31m2 checks failed:[0m
[0m18:37:10.864315 [info ] [MainThread]: Project loading failed for the following reason:
 project path <C:\airflow_dbt_git\data_warehouse\dbt_project.yml> not found

[0m18:37:10.865385 [info ] [MainThread]: dbt was unable to connect to the specified database.
The database returned the following error:

  >Database Error
  connection to server at "localhost" (::1), port 5433 failed: Connection refused (0x0000274D/10061)
  	Is the server running on that host and accepting TCP/IP connections?
  connection to server at "localhost" (127.0.0.1), port 5433 failed: Connection refused (0x0000274D/10061)
  	Is the server running on that host and accepting TCP/IP connections?
  

Check your database credentials and try again. For more information, visit:
https://docs.getdbt.com/docs/configure-your-profile


[0m18:37:10.868646 [debug] [MainThread]: Command `dbt debug` failed at 18:37:10.868347 after 9.05 seconds
[0m18:37:10.869359 [debug] [MainThread]: Connection 'debug' was properly closed.
[0m18:37:10.869948 [debug] [MainThread]: Sending event: {'category': 'dbt', 'action': 'invocation', 'label': 'end', 'context': [<snowplow_tracker.self_describing_json.SelfDescribingJson object at 0x00000292FFD29350>, <snowplow_tracker.self_describing_json.SelfDescribingJson object at 0x00000292FFA05D90>, <snowplow_tracker.self_describing_json.SelfDescribingJson object at 0x00000292FF8D96A0>]}
[0m18:37:10.870578 [debug] [MainThread]: Flushing usage events
[0m18:37:11.554637 [debug] [MainThread]: An error was encountered while trying to flush usage events
